<?xml version="1.0" encoding="UTF-8"?>
<testsuite xmlns:xsi="http://www.w3.org/2001/XMLSchema-instance" xsi:noNamespaceSchemaLocation="https://maven.apache.org/surefire/maven-surefire-plugin/xsd/surefire-test-report-3.0.xsd" version="3.0" name="VertxContextTest" time="5.991" tests="6" errors="0" skipped="0" failures="0">
  <properties>
[...]
</properties>
  <testcase name="test_p1" classname="VertxContextTest" time="0.175">
    <system-out><![CDATA[Starting database
]]></system-out>
    <system-err><![CDATA[SLF4J: Failed to load class "org.slf4j.impl.StaticLoggerBinder".
SLF4J: Defaulting to no-operation (NOP) logger implementation
SLF4J: See http://www.slf4j.org/codes.html#StaticLoggerBinder for further details.
May 05, 2022 6:48:03 PM org.hibernate.jpa.internal.util.LogHelper logPersistenceUnitInformation
INFO: HHH000204: Processing PersistenceUnitInfo [name: reactiveTest]
May 05, 2022 6:48:03 PM org.hibernate.Version logVersion
INFO: HHH000412: Hibernate ORM core version 5.6.7.Final
May 05, 2022 6:48:03 PM org.hibernate.annotations.common.reflection.java.JavaReflectionManager <clinit>
INFO: HCANN000001: Hibernate Commons Annotations {5.1.2.Final}
May 05, 2022 6:48:04 PM org.hibernate.dialect.Dialect <init>
INFO: HHH000400: Using dialect: org.hibernate.dialect.MySQL5Dialect
May 05, 2022 6:48:04 PM org.hibernate.reactive.provider.impl.ReactiveIntegrator attachEventContextManagingListenersIfRequired
INFO: HR000001: Hibernate Reactive
May 05, 2022 6:48:04 PM org.hibernate.reactive.pool.impl.DefaultSqlClientPool jdbcUrl
INFO: HR000011: SQL Client URL [jdbc:mysql://localhost:3306/test]
May 05, 2022 6:48:04 PM org.hibernate.reactive.vertx.impl.DefaultVertxInstance start
INFO: HR000002: Vert.x not detected, creating a new instance
May 05, 2022 6:48:04 PM org.hibernate.reactive.pool.impl.DefaultSqlClientPoolConfiguration poolOptions
INFO: HR000025: Connection pool size: 10
]]></system-err>
  </testcase>
  <testcase name="test_p2" classname="VertxContextTest" time="0.008"/>
  <testcase name="test_p3" classname="VertxContextTest" time="0.006"/>
  <testcase name="test" classname="VertxContextTest" time="0.115"/>
  <testcase name="test2" classname="VertxContextTest" time="0.01"/>
  <testcase name="test3" classname="VertxContextTest" time="0.01"/>
</testsuite>